This is LuaTeX, Version beta-0.76.0-2013062821 (rev 4627)  (format=lualatex 2014.11.11)  26 DEC 2014 19:33
**bullet-graph.tex
(C:/Users/Georgio/Documents/github/modexample/bullet-graph.tex
LaTeX2e <2011/06/27>
Babel <v3.8m> and hyphenation patterns for english, afrikaans, ancientgreek, ara
bic, armenian, assamese, basque, bengali, bokmal, bulgarian, catalan, coptic, cr
oatian, czech, danish, dutch, esperanto, estonian, farsi, finnish, french, galic
ian, german, german-x-2013-05-26, greek, gujarati, hindi, hungarian, icelandic, 
indonesian, interlingua, irish, italian, kannada, kurmanji, latin, latvian, lith
uanian, malayalam, marathi, mongolian, mongolianlmc, monogreek, ngerman, ngerman
-x-2013-05-26, nynorsk, oriya, panjabi, pinyin, polish, portuguese, romanian, ru
ssian, sanskrit, serbian, slovak, slovenian, spanish, swedish, swissgerman, tami
l, telugu, turkish, turkmen, ukenglish, ukrainian, uppersorbian, usenglishmax, w
elsh, loaded.
("C:/Program Files/MiKTeX 2.9/tex/latex/base/article.cls"
Document Class: article 2014/09/29 v1.4h Standard LaTeX document class
("C:/Program Files/MiKTeX 2.9/tex/latex/base/size10.clo"
File: size10.clo 2014/09/29 v1.4h Standard LaTeX file (size option)
)
\c@part=\count79
\c@section=\count80
\c@subsection=\count81
\c@subsubsection=\count82
\c@paragraph=\count83
\c@subparagraph=\count84
\c@figure=\count85
\c@table=\count86
\abovecaptionskip=\skip41
\belowcaptionskip=\skip42
\bibindent=\dimen102
)
("C:/Program Files/MiKTeX 2.9/tex/latex/fontspec/fontspec.sty"
Package: fontspec 2014/06/21 v2.4a Font selection for XeLaTeX and LuaLaTeX

("C:/Program Files/MiKTeX 2.9/tex/latex/l3kernel/expl3.sty"
Package: expl3 2014/09/15 v5423 L3 programming layer (loader) 

("C:/Program Files/MiKTeX 2.9/tex/latex/l3kernel/expl3-code.tex"
Package: expl3 2014/09/15 v5423 L3 programming layer (code) 
L3 Module: l3bootstrap 2014/08/23 v5354 L3 Bootstrap code

("C:/Program Files/MiKTeX 2.9/tex/latex/misc/etex.sty"
Package: etex 1998/03/26 v2.0 eTeX basic definition package (PEB)
\et@xins=\count87
)
L3 Module: l3names 2014/08/22 v5343 L3 Namespace for primitives
L3 Module: l3basics 2014/08/24 v5364 L3 Basic definitions
L3 Module: l3expan 2014/08/22 v5349 L3 Argument expansion
L3 Module: l3tl 2014/08/24 v5359 L3 Token lists
L3 Module: l3str 2014/08/24 v5368 L3 Strings
L3 Module: l3seq 2014/08/23 v5354 L3 Sequences and stacks
L3 Module: l3int 2014/09/14 v5421 L3 Integers
\c_max_int=\count88
\l_tmpa_int=\count89
\l_tmpb_int=\count90
\g_tmpa_int=\count91
\g_tmpb_int=\count92
L3 Module: l3quark 2014/08/23 v5354 L3 Quarks
L3 Module: l3prg 2014/08/23 v5354 L3 Control structures
\g__prg_map_int=\count93
L3 Module: l3clist 2014/08/23 v5354 L3 Comma separated lists
L3 Module: l3token 2014/09/15 v5422 L3 Experimental token manipulation
L3 Module: l3prop 2014/08/23 v5354 L3 Property lists
L3 Module: l3msg 2014/08/24 v5358 L3 Messages
L3 Module: l3file 2014/08/24 v5369 L3 File and I/O operations
\l_iow_line_count_int=\count94
\l__iow_target_count_int=\count95
\l__iow_current_line_int=\count96
\l__iow_current_word_int=\count97
\l__iow_current_indentation_int=\count98
L3 Module: l3skip 2014/08/23 v5354 L3 Dimensions and skips
\c_zero_dim=\dimen103
\c_max_dim=\dimen104
\l_tmpa_dim=\dimen105
\l_tmpb_dim=\dimen106
\g_tmpa_dim=\dimen107
\g_tmpb_dim=\dimen108
\c_zero_skip=\skip43
\c_max_skip=\skip44
\l_tmpa_skip=\skip45
\l_tmpb_skip=\skip46
\g_tmpa_skip=\skip47
\g_tmpb_skip=\skip48
\c_zero_muskip=\muskip10
\c_max_muskip=\muskip11
\l_tmpa_muskip=\muskip12
\l_tmpb_muskip=\muskip13
\g_tmpa_muskip=\muskip14
\g_tmpb_muskip=\muskip15
L3 Module: l3keys 2014/08/23 v5354 L3 Key-value interfaces
\g__keyval_level_int=\count99
\l_keys_choice_int=\count100
L3 Module: l3fp 2014/08/22 v5336 L3 Floating points
\c__fp_leading_shift_int=\count101
\c__fp_middle_shift_int=\count102
\c__fp_trailing_shift_int=\count103
\c__fp_big_leading_shift_int=\count104
\c__fp_big_middle_shift_int=\count105
\c__fp_big_trailing_shift_int=\count106
\c__fp_Bigg_leading_shift_int=\count107
\c__fp_Bigg_middle_shift_int=\count108
\c__fp_Bigg_trailing_shift_int=\count109
L3 Module: l3box 2014/08/23 v5354 L3 Experimental boxes
\c_empty_box=\box26
\l_tmpa_box=\box27
\l_tmpb_box=\box28
\g_tmpa_box=\box29
\g_tmpb_box=\box30
L3 Module: l3coffins 2014/08/23 v5354 L3 Coffin code layer
\l__coffin_internal_box=\box31
\l__coffin_internal_dim=\dimen109
\l__coffin_offset_x_dim=\dimen110
\l__coffin_offset_y_dim=\dimen111
\l__coffin_x_dim=\dimen112
\l__coffin_y_dim=\dimen113
\l__coffin_x_prime_dim=\dimen114
\l__coffin_y_prime_dim=\dimen115
\c_empty_coffin=\box32
\l__coffin_aligned_coffin=\box33
\l__coffin_aligned_internal_coffin=\box34
\l_tmpa_coffin=\box35
\l_tmpb_coffin=\box36
\l__coffin_display_coffin=\box37
\l__coffin_display_coord_coffin=\box38
\l__coffin_display_pole_coffin=\box39
\l__coffin_display_offset_dim=\dimen116
\l__coffin_display_x_dim=\dimen117
\l__coffin_display_y_dim=\dimen118
L3 Module: l3color 2014/08/23 v5354 L3 Experimental color support
L3 Module: l3candidates 2014/08/24 v5366 L3 Experimental additions to l3kernel
\l__box_top_dim=\dimen119
\l__box_bottom_dim=\dimen120
\l__box_left_dim=\dimen121
\l__box_right_dim=\dimen122
\l__box_top_new_dim=\dimen123
\l__box_bottom_new_dim=\dimen124
\l__box_left_new_dim=\dimen125
\l__box_right_new_dim=\dimen126
\l__box_internal_box=\box40
\l__coffin_bounding_shift_dim=\dimen127
\l__coffin_left_corner_dim=\dimen128
\l__coffin_right_corner_dim=\dimen129
\l__coffin_bottom_corner_dim=\dimen130
\l__coffin_top_corner_dim=\dimen131
\l__coffin_scaled_total_height_dim=\dimen132
\l__coffin_scaled_width_dim=\dimen133
)
("C:/Program Files/MiKTeX 2.9/tex/latex/l3kernel/l3unicode-data.def"
File: l3unicode-data.def 2014/08/12 v5276 L3 Unicode data
)
("C:/Program Files/MiKTeX 2.9/tex/latex/l3kernel/l3pdfmode.def"
File: l3pdfmode.def 2014/08/24 v5366 L3 Experimental driver: PDF mode
\l__driver_color_stack_int=\count110
))
("C:/Program Files/MiKTeX 2.9/tex/latex/l3packages/xparse/xparse.sty"
Package: xparse 2014/09/15 v5423 L3 Experimental document command parser
\l__xparse_current_arg_int=\count111
\l__xparse_m_args_int=\count112
\l__xparse_mandatory_args_int=\count113
\l__xparse_processor_int=\count114
\l__xparse_v_nesting_int=\count115
)
("C:/Program Files/MiKTeX 2.9/tex/luatex/luaotfload/luaotfload.sty"
Package: luaotfload 2014/08/10 v2.5-4 OpenType layout system

("C:/Program Files/MiKTeX 2.9/tex/luatex/luatexbase/luatexbase.sty"
Package: luatexbase 2013/05/11 v0.6 Resource management for the LuaTeX macro pro
grammer

("C:/Program Files/MiKTeX 2.9/tex/generic/oberdiek/ifluatex.sty"
Package: ifluatex 2010/03/01 v1.3 Provides the ifluatex switch (HO)
Package ifluatex Info: LuaTeX detected.
)
("C:/Program Files/MiKTeX 2.9/tex/generic/oberdiek/luatex.sty"
Package: luatex 2010/03/09 v0.4 LuaTeX basic definition package (HO)

("C:/Program Files/MiKTeX 2.9/tex/generic/oberdiek/infwarerr.sty"
Package: infwarerr 2010/04/08 v1.3 Providing info/warning/error messages (HO)
)
\LuT@AllocAttribute=\count277
\LuT@AllocCatcodeTable=\count278
\CatcodeTableStack=\count279
\CatcodeTableIniTeX=\catcodetable1
\CatcodeTableString=\catcodetable3
\CatcodeTableOther=\catcodetable5
\CatcodeTableLaTeX=\catcodetable7

("C:/Program Files/MiKTeX 2.9/tex/generic/oberdiek/luatex-loader.sty"
Package: luatex-loader 2010/03/09 v0.4 Lua module loader (HO)

(C:/Program Files/MiKTeX 2.9/scripts/oberdiek/oberdiek.luatex.lua)))
("C:/Program Files/MiKTeX 2.9/tex/luatex/luatexbase/luatexbase-compat.sty"
Package: luatexbase-compat 2011/05/24 v0.4 Compatibility tools for LuaTeX
)
("C:/Program Files/MiKTeX 2.9/tex/luatex/luatexbase/luatexbase-modutils.sty"
Package: luatexbase-modutils 2013/05/11 v0.6 Module utilities for LuaTeX

("C:/Program Files/MiKTeX 2.9/tex/luatex/luatexbase/luatexbase-loader.sty"
Package: luatexbase-loader 2013/05/11 v0.6 Lua module loader for LuaTeX

(C:/Program Files/MiKTeX 2.9/tex/luatex/luatexbase/luatexbase.loader.lua))
(C:/Program Files/MiKTeX 2.9/tex/luatex/luatexbase/modutils.lua)
Lua module: luatexbase-modutils 2013/05/11 0.6 Module utilities for LuaTeX
)
("C:/Program Files/MiKTeX 2.9/tex/luatex/luatexbase/luatexbase-regs.sty"
Package: luatexbase-regs 2011/05/24 v0.4 Registers allocation for LuaTeX
)
("C:/Program Files/MiKTeX 2.9/tex/luatex/luatexbase/luatexbase-attr.sty"
Package: luatexbase-attr 2013/05/11 v0.6 Attributes allocation for LuaTeX

(C:/Program Files/MiKTeX 2.9/tex/luatex/luatexbase/attr.lua)
Lua module: luatexbase-attr 2013/05/11 0.6 Attributes allocation for LuaTeX
\lltxb@attr@unsetvalue=\count280
)
("C:/Program Files/MiKTeX 2.9/tex/luatex/luatexbase/luatexbase-cctb.sty"
Package: luatexbase-cctb 2013/05/11 v0.6 Catcodetable allocation for LuaTeX

(C:/Program Files/MiKTeX 2.9/tex/luatex/luatexbase/cctb.lua)
Lua module: luatexbase-cctb 2013/05/11 0.6 Catcodetable allocation for LuaTeX
\lltxb@catcodetable@alloc=\count281
\CatcodeTableStack=\count282
\CatcodeTableIniTeX=\luatexcatcodetable1
\CatcodeTableString=\luatexcatcodetable3
\CatcodeTableOther=\luatexcatcodetable5
\CatcodeTableLaTeX=\luatexcatcodetable7
\CatcodeTableLaTeXAtLetter=\luatexcatcodetable9
\CatcodeTableExpl=\luatexcatcodetable11
)
("C:/Program Files/MiKTeX 2.9/tex/luatex/luatexbase/luatexbase-mcb.sty"
Package: luatexbase-mcb 2013/05/11 v0.6 Callback management for LuaTeX

(C:/Program Files/MiKTeX 2.9/tex/luatex/luatexbase/mcb.lua)
Lua module: luatexbase-mcb 2013/05/11 0.6 register several functions in a callba
ck
))
(C:/Program Files/MiKTeX 2.9/tex/luatex/luaotfload/luaotfload-main.lua)
Lua module: luaotfload-main 2014/08/10 2.50003 OpenType layout system.

Module luaotfload-main warning: LuaTeX v0.76 is old, v0.79 or later is recommend
ed.
(C:/Program Files/MiKTeX 2.9/tex/luatex/luaotfload/luaotfload-log.lua)
(C:/Program Files/MiKTeX 2.9/tex/luatex/luaotfload/luaotfload-fontloader.lua)(us
ing cache: C:/Users/Georgio/AppData/Local/MiKTeX/2.9/luatex-cache/generic)
luatexbase-attr: luatexbase.attributes["luaotfload@kernpair"] = 1
luatexbase-attr: luatexbase.attributes["luaotfload@ligacomp"] = 2
luatexbase-attr: luatexbase.attributes["luaotfload@markbase"] = 3
luatexbase-attr: luatexbase.attributes["luaotfload@markmark"] = 4
luatexbase-attr: luatexbase.attributes["luaotfload@markdone"] = 5
luatexbase-attr: luatexbase.attributes["luaotfload@cursbase"] = 6
luatexbase-attr: luatexbase.attributes["luaotfload@curscurs"] = 7
luatexbase-attr: luatexbase.attributes["luaotfload@cursdone"] = 8
luatexbase-attr: luatexbase.attributes["luaotfload@state"] = 9
luaotfload | main : fontloader loaded in 0.054 seconds
luatexbase-mcb: inserting 'luaotfload.node_processor'
at position 1 in 'pre_linebreak_filter'
luatexbase-mcb: inserting 'luaotfload.node_processor'
at position 1 in 'hpack_filter'
luatexbase-mcb: inserting 'luaotfload.find_vf_file'
at position 1 in 'find_vf_file'
(C:/Program Files/MiKTeX 2.9/tex/luatex/luaotfload/luaotfload-override.lua)
(C:/Program Files/MiKTeX 2.9/tex/luatex/luaotfload/luaotfload-parsers.lua)
(C:/Program Files/MiKTeX 2.9/tex/luatex/luaotfload/luaotfload-configuration.lua)
(C:/Program Files/MiKTeX 2.9/tex/luatex/luaotfload/luaotfload-status.lua)
luaotfload | conf : Root cache directory is C:/Users/Georgio/AppData/Local/MiKTe
X/2.9/luatex-cache/generic/names.
(C:/Program Files/MiKTeX 2.9/tex/luatex/luaotfload/luaotfload-loaders.lua)
(C:/Program Files/MiKTeX 2.9/tex/luatex/luaotfload/luaotfload-database.lua)
(C:/Program Files/MiKTeX 2.9/tex/luatex/luaotfload/luaotfload-colors.lua)
luaotfload | conf : Root cache directory is C:/Users/Georgio/AppData/Local/MiKTe
X/2.9/luatex-cache/generic/names.
luatexbase-mcb: creating 'luaotfload.resolve_font' type 4
luatexbase-mcb: creating 'luaotfload.patch_font' type 4
luatexbase-mcb: resetting callback 'define_font'
luatexbase-mcb: inserting 'luaotfload.define_font'
at position 1 in 'define_font'
(C:/Program Files/MiKTeX 2.9/tex/luatex/luaotfload/luaotfload-features.lua)
(C:/Program Files/MiKTeX 2.9/tex/luatex/luaotfload/luaotfload-letterspace.lua)
(C:/Program Files/MiKTeX 2.9/tex/luatex/luaotfload/luaotfload-auxiliary.lua)
luatexbase-mcb: inserting 'luaotfload.aux.set_sscale_dimens'
at position 1 in 'luaotfload.patch_font'
luatexbase-mcb: inserting 'luaotfload.aux.patch_cambria_domh'
at position 2 in 'luaotfload.patch_font'
luatexbase-mcb: inserting 'luaotfload.aux.set_capheight'
at position 3 in 'luaotfload.patch_font'
luatexbase-mcb: inserting 'luaotfload.rewrite_fontname'
at position 4 in 'luaotfload.patch_font')
(C:/Program Files/MiKTeX 2.9/tex/latex/fontspec/fontspec.lua)
Lua module: fontspec 2013/05/20 2.3c Advanced font selection for LuaLaTeX.
\l_fontspec_script_int=\count283
\l_fontspec_language_int=\count284
\l_fontspec_strnum_int=\count285
\l__fontspec_tmpa_dim=\dimen256
\l__fontspec_tmpb_dim=\dimen257
\l__fontspec_tmpc_dim=\dimen258
Variant \tl_gset:cV already defined; not changing it on line 71

("C:/Program Files/MiKTeX 2.9/tex/latex/fontspec/fontspec-patches.sty"
Package: fontspec-patches 2014/06/21 v2.4a Font selection for XeLaTeX and LuaLaT
eX
LaTeX Info: Redefining \em on input line 38.
LaTeX Info: Redefining \emph on input line 46.
LaTeX Info: Redefining \- on input line 49.
.................................................
. LaTeX info: "xparse/redefine-command"
. 
. Redefining command \oldstylenums with sig. 'm' on line 144.
.................................................
.................................................
. LaTeX info: "xparse/define-command"
. 
. Defining command \liningnums with sig. 'm' on line 148.
.................................................
)
("C:/Program Files/MiKTeX 2.9/tex/latex/fontspec/fontspec-luatex.sty"
Package: fontspec-luatex 2014/06/21 v2.4a Font selection for XeLaTeX and LuaLaTe
X

("C:/Program Files/MiKTeX 2.9/tex/latex/base/fontenc.sty"
Package: fontenc 2005/09/27 v1.99g Standard LaTeX package

("C:/Program Files/MiKTeX 2.9/tex/latex/euenc/eu2enc.def"
File: eu2enc.def 2010/05/27 v0.1h Experimental Unicode font encodings
)
LaTeX Font Info:    Try loading font information for EU2+lmr on input line 100.

("C:/Program Files/MiKTeX 2.9/tex/latex/euenc/eu2lmr.fd"
File: eu2lmr.fd 2009/10/30 v1.6 Font defs for Latin Modern
)
luaotfload | db : Font names database loaded from C:/Users/Georgio/AppData/Local
/MiKTeX/2.9/luatex-cache/generic/names/luaotfload-names.luc(load luc: C:/Users/G
eorgio/AppData/Local/MiKTeX/2.9/luatex-cache/generic/fonts/otf/lmroman10-regular
.luc)) ("C:/Program Files/MiKTeX 2.9/tex/xelatex/xunicode/xunicode.sty"
File: xunicode.sty 2011/09/09 v0.981 provides access to latin accents and many o
ther characters in Unicode lower plane

(C:/Users/Georgio/AppData/Roaming/MiKTeX/2.9/tex/latex/tipa/t3enc.def
File: t3enc.def 2001/12/31 T3 encoding
(load luc: C:/Users/Georgio/AppData/Local/MiKTeX/2.9/luatex-cache/generic/fonts/
otf/lmromanslant10-regular.luc)(load luc: C:/Users/Georgio/AppData/Local/MiKTeX/
2.9/luatex-cache/generic/fonts/otf/lmroman10-italic.luc)(load luc: C:/Users/Geor
gio/AppData/Local/MiKTeX/2.9/luatex-cache/generic/fonts/otf/lmroman10-bold.luc)
LaTeX Font Info:    Try loading font information for EU2+lmss on input line 357.


("C:/Program Files/MiKTeX 2.9/tex/latex/euenc/eu2lmss.fd"
File: eu2lmss.fd 2009/10/30 v1.6 Font defs for Latin Modern
)(load luc: C:/Users/Georgio/AppData/Local/MiKTeX/2.9/luatex-cache/generic/fonts
/otf/lmsans10-regular.luc))
\tipaTiiicode=\count286
\tipasavetokens=\toks14
\tipachecktokens=\toks15
 ("C:/Program Files/MiKTeX 2.9/tex/latex/graphics/graphicx.sty"
Package: graphicx 2014/04/25 v1.0g Enhanced LaTeX Graphics (DPC,SPQR)

("C:/Program Files/MiKTeX 2.9/tex/latex/graphics/keyval.sty"
Package: keyval 2014/05/08 v1.15 key=value parser (DPC)
\KV@toks@=\toks16
)
("C:/Program Files/MiKTeX 2.9/tex/latex/graphics/graphics.sty"
Package: graphics 2009/02/05 v1.0o Standard LaTeX Graphics (DPC,SPQR)

("C:/Program Files/MiKTeX 2.9/tex/latex/graphics/trig.sty"
Package: trig 1999/03/16 v1.09 sin cos tan (DPC)
)
("C:/Program Files/MiKTeX 2.9/tex/latex/00miktex/graphics.cfg"
File: graphics.cfg 2007/01/18 v1.5 graphics configuration of teTeX/TeXLive
)
Package graphics Info: Driver file: pdftex.def on input line 91.

("C:/Program Files/MiKTeX 2.9/tex/latex/pdftex-def/pdftex.def"
File: pdftex.def 2011/05/27 v0.06d Graphics/color for pdfTeX

("C:/Program Files/MiKTeX 2.9/tex/generic/oberdiek/ltxcmds.sty"
Package: ltxcmds 2011/11/09 v1.22 LaTeX kernel commands for general use (HO)
)
("C:/Program Files/MiKTeX 2.9/tex/generic/oberdiek/pdftexcmds.sty"
Package: pdftexcmds 2011/11/29 v0.20 Utility functions of pdfTeX for LuaTeX (HO)


("C:/Program Files/MiKTeX 2.9/tex/generic/oberdiek/ifpdf.sty"
Package: ifpdf 2011/01/30 v2.3 Provides the ifpdf switch (HO)
Package ifpdf Info: pdfTeX in PDF mode is detected.
)
Package pdftexcmds Info: \pdf@primitive is available.
Package pdftexcmds Info: \pdf@ifprimitive is available.
Package pdftexcmds Info: \pdfdraftmode found.

(C:/Program Files/MiKTeX 2.9/scripts/oberdiek/pdftexcmds.lua)
\pdftexcmds@toks=\toks17
)
\Gread@gobject=\count287
))
\Gin@req@height=\dimen259
\Gin@req@width=\dimen260
))
.................................................
. LaTeX info: "xparse/define-command"
. 
. Defining command \fontspec with sig. 'O{}mO{}' on line 44.
.................................................
.................................................
. LaTeX info: "xparse/define-command"
. 
. Defining command \setmainfont with sig. 'O{}mO{}' on line 50.
.................................................
.................................................
. LaTeX info: "xparse/define-command"
. 
. Defining command \setsansfont with sig. 'O{}mO{}' on line 56.
.................................................
.................................................
. LaTeX info: "xparse/define-command"
. 
. Defining command \setmonofont with sig. 'O{}mO{}' on line 62.
.................................................
.................................................
. LaTeX info: "xparse/define-command"
. 
. Defining command \setmathrm with sig. 'O{}mO{}' on line 71.
.................................................
.................................................
. LaTeX info: "xparse/define-command"
. 
. Defining command \setboldmathrm with sig. 'O{}mO{}' on line 75.
.................................................
.................................................
. LaTeX info: "xparse/define-command"
. 
. Defining command \setmathsf with sig. 'O{}mO{}' on line 79.
.................................................
.................................................
. LaTeX info: "xparse/define-command"
. 
. Defining command \setmathtt with sig. 'O{}mO{}' on line 83.
.................................................
.................................................
. LaTeX info: "xparse/define-command"
. 
. Defining command \newfontfamily with sig. 'mO{}mO{}' on line 102.
.................................................
.................................................
. LaTeX info: "xparse/define-command"
. 
. Defining command \newfontface with sig. 'mO{}mO{}' on line 106.
.................................................
.................................................
. LaTeX info: "xparse/define-command"
. 
. Defining command \defaultfontfeatures with sig. 't+om' on line 115.
.................................................
.................................................
. LaTeX info: "xparse/define-command"
. 
. Defining command \addfontfeatures with sig. 'm' on line 173.
.................................................
.................................................
. LaTeX info: "xparse/define-command"
. 
. Defining command \newfontfeature with sig. 'mm' on line 184.
.................................................
.................................................
. LaTeX info: "xparse/define-command"
. 
. Defining command \newAATfeature with sig. 'mmmm' on line 192.
.................................................
.................................................
. LaTeX info: "xparse/define-command"
. 
. Defining command \newopentypefeature with sig. 'mmm' on line 200.
.................................................
.................................................
. LaTeX info: "xparse/define-command"
. 
. Defining command \aliasfontfeature with sig. 'mm' on line 229.
.................................................
.................................................
. LaTeX info: "xparse/define-command"
. 
. Defining command \aliasfontfeatureoption with sig. 'mmm' on line 231.
.................................................
.................................................
. LaTeX info: "xparse/define-command"
. 
. Defining command \newfontscript with sig. 'mm' on line 236.
.................................................
.................................................
. LaTeX info: "xparse/define-command"
. 
. Defining command \newfontlanguage with sig. 'mm' on line 262.
.................................................
.................................................
. LaTeX info: "xparse/define-command"
. 
. Defining command \DeclareFontsExtensions with sig. 'm' on line 282.
.................................................
Variant \prop_gput:cnV already defined; not changing it on line 666
Variant \prop_gput:cnx already defined; not changing it on line 667
\l__fontspec_tmp_int=\count288
LaTeX Info: Redefining \itshape on input line 2117.
LaTeX Info: Redefining \slshape on input line 2122.
LaTeX Info: Redefining \scshape on input line 2127.
LaTeX Info: Redefining \upshape on input line 2132.

("C:/Program Files/MiKTeX 2.9/tex/latex/fontspec/fontspec.cfg")))
(C:/Users/Georgio/AppData/Roaming/MiKTeX/2.9/tex/latex/lipsum/lipsum.sty
Package: lipsum 2014/07/27 v1.3 150 paragraphs of Lorem Ipsum dummy text
\c@lips@count=\count289
)
(C:/Users/Georgio/AppData/Roaming/MiKTeX/2.9/tex/latex/booktabs/booktabs.sty
Package: booktabs 2005/04/14 v1.61803 publication quality tables
\heavyrulewidth=\dimen261
\lightrulewidth=\dimen262
\cmidrulewidth=\dimen263
\belowrulesep=\dimen264
\belowbottomsep=\dimen265
\aboverulesep=\dimen266
\abovetopsep=\dimen267
\cmidrulesep=\dimen268
\cmidrulekern=\dimen269
\defaultaddspace=\dimen270
\@cmidla=\count290
\@cmidlb=\count291
\@aboverulesep=\dimen271
\@belowrulesep=\dimen272
\@thisruleclass=\count292
\@lastruleclass=\count293
\@thisrulewidth=\dimen273
)
("C:/Program Files/MiKTeX 2.9/tex/latex/filecontents/filecontents.sty"
Package: filecontents 2011/10/08 v1.3 Create an external file from within a LaTe
X document
)
\g__file_internal_ior=\read1
luaotfload | cache : Lookup cache loaded from C:/Users/Georgio/AppData/Local/MiK
TeX/2.9/luatex-cache/generic/names/luaotfload-lookup-cache.luc.
luaotfload | load : Lookup/name: "Arial" -> "arial.ttf"(load luc: C:/Users/Georg
io/AppData/Local/MiKTeX/2.9/luatex-cache/generic/fonts/otf/arial.luc)
luaotfload | load : Lookup/name: "Arial" -> "arial.ttf"
\g__fontspec_family_Arial_int=\count294
luaotfload | load : Lookup/name: "Arial" -> "arial.ttf"
luaotfload | load : Lookup/name: "Arial" -> "arialbi.ttf"(load luc: C:/Users/Geo
rgio/AppData/Local/MiKTeX/2.9/luatex-cache/generic/fonts/otf/arialbi.luc)
luaotfload | load : Lookup/name: "Arial" -> "arial.ttf"
luaotfload | load : Lookup/name: "Arial" -> "arialbd.ttf"(load luc: C:/Users/Geo
rgio/AppData/Local/MiKTeX/2.9/luatex-cache/generic/fonts/otf/arialbd.luc)
luaotfload | load : Lookup/name: "Arial" -> "arial.ttf"
luaotfload | load : Lookup/name: "Arial" -> "ariali.ttf"(load luc: C:/Users/Geor
gio/AppData/Local/MiKTeX/2.9/luatex-cache/generic/fonts/otf/ariali.luc)
luaotfload | load : Lookup/name: "Arial" -> "arial.ttf"
luaotfload | load : Lookup/name: "Arial" -> "arial.ttf"
luaotfload | aux : font no 21 (ArialMT) does not define feature smcp for script 
latn with language dflt
luaotfload | aux : no font with id 21
luaotfload | load : Lookup/name: "Arial" -> "arialbd.ttf"
luaotfload | load : Lookup/name: "Arial" -> "arialbd.ttf"
luaotfload | aux : font no 23 (Arial-BoldMT) does not define feature smcp for sc
ript latn with language dflt
luaotfload | aux : no font with id 23
luaotfload | load : Lookup/name: "Arial" -> "ariali.ttf"
luaotfload | load : Lookup/name: "Arial" -> "ariali.ttf"
luaotfload | aux : font no 24 (Arial-ItalicMT) does not define feature smcp for 
script latn with language dflt
luaotfload | aux : no font with id 24
luaotfload | load : Lookup/name: "Arial" -> "arialbi.ttf"
luaotfload | load : Lookup/name: "Arial" -> "arialbi.ttf"
luaotfload | aux : font no 22 (Arial-BoldItalicMT) does not define feature smcp 
for script latn with language dflt
luaotfload | aux : no font with id 22
.................................................
. fontspec info: "defining-font"
. 
. Font family 'Arial(0)' created for font 'Arial' with options [].
. 
. This font family consists of the following shapes:
. 
. * 'normal' with NFSS spec.:
. <->"Arial:mode=node;script=latn;language=DFLT;"
. 
. * 'small caps' with NFSS spec.:
. 
. and font adjustment code:
. 
. 
. * 'bold' with NFSS spec.:
. <->"Arial/B:mode=node;script=latn;language=DFLT;"
. 
. * 'bold small caps' with NFSS spec.:
. 
. and font adjustment code:
. 
. 
. * 'italic' with NFSS spec.:
. <->"Arial/I:mode=node;script=latn;language=DFLT;"
. 
. * 'small caps' with NFSS spec.:
. 
. and font adjustment code:
. 
. 
. * 'bold italic' with NFSS spec.:
. <->"Arial/BI:mode=node;script=latn;language=DFLT;"
. 
. * 'bold small caps' with NFSS spec.:
. 
. and font adjustment code:
. 
.................................................

("C:/Program Files/MiKTeX 2.9/tex/latex/pgfplots/pgfplots.sty"
("C:/Program Files/MiKTeX 2.9/tex/generic/pgfplots/pgfplots.revision.tex")
Package: pgfplots 2014/08/04 v1.11 Data Visualization (1.11-3-g4c99d7a)

("C:/Program Files/MiKTeX 2.9/tex/latex/pgf/frontendlayer/tikz.sty"
("C:/Program Files/MiKTeX 2.9/tex/latex/pgf/basiclayer/pgf.sty"
("C:/Program Files/MiKTeX 2.9/tex/latex/pgf/utilities/pgfrcs.sty"
("C:/Program Files/MiKTeX 2.9/tex/generic/pgf/utilities/pgfutil-common.tex"
\pgfutil@everybye=\toks18
\pgfutil@tempdima=\dimen274
\pgfutil@tempdimb=\dimen275

("C:/Program Files/MiKTeX 2.9/tex/generic/pgf/utilities/pgfutil-common-lists.te
x")) ("C:/Program Files/MiKTeX 2.9/tex/generic/pgf/utilities/pgfutil-latex.def"
\pgfutil@abb=\box256
(C:/Users/Georgio/AppData/Roaming/MiKTeX/2.9/tex/latex/ms/everyshi.sty
Package: everyshi 2001/05/15 v3.00 EveryShipout Package (MS)
))
("C:/Program Files/MiKTeX 2.9/tex/generic/pgf/utilities/pgfrcs.code.tex"
Package: pgfrcs 2013/12/20 v3.0.0 (rcs-revision 1.28)
))
Package: pgf 2013/12/18 v3.0.0 (rcs-revision 1.14)

("C:/Program Files/MiKTeX 2.9/tex/latex/pgf/basiclayer/pgfcore.sty"
("C:/Program Files/MiKTeX 2.9/tex/latex/pgf/systemlayer/pgfsys.sty"
("C:/Program Files/MiKTeX 2.9/tex/generic/pgf/systemlayer/pgfsys.code.tex"
Package: pgfsys 2013/11/30 v3.0.0 (rcs-revision 1.47)

("C:/Program Files/MiKTeX 2.9/tex/generic/pgf/utilities/pgfkeys.code.tex"
\pgfkeys@pathtoks=\toks19
\pgfkeys@temptoks=\toks20

("C:/Program Files/MiKTeX 2.9/tex/generic/pgf/utilities/pgfkeysfiltered.code.te
x"
\pgfkeys@tmptoks=\toks21
))
\pgf@x=\dimen276
\pgf@y=\dimen277
\pgf@xa=\dimen278
\pgf@ya=\dimen279
\pgf@xb=\dimen280
\pgf@yb=\dimen281
\pgf@xc=\dimen282
\pgf@yc=\dimen283
\w@pgf@writea=\write3
\r@pgf@reada=\read2
\c@pgf@counta=\count295
\c@pgf@countb=\count296
\c@pgf@countc=\count297
\c@pgf@countd=\count298
\t@pgf@toka=\toks22
\t@pgf@tokb=\toks23
\t@pgf@tokc=\toks24
 ("C:/Program Files/MiKTeX 2.9/tex/generic/pgf/systemlayer/pgf.cfg"
File: pgf.cfg 2008/05/14  (rcs-revision 1.7)
)
Driver file for pgf: pgfsys-pdftex.def

("C:/Program Files/MiKTeX 2.9/tex/generic/pgf/systemlayer/pgfsys-pdftex.def"
File: pgfsys-pdftex.def 2013/07/18  (rcs-revision 1.33)

("C:/Program Files/MiKTeX 2.9/tex/generic/pgf/systemlayer/pgfsys-common-pdf.def
"
File: pgfsys-common-pdf.def 2013/10/10  (rcs-revision 1.13)
)))
("C:/Program Files/MiKTeX 2.9/tex/generic/pgf/systemlayer/pgfsyssoftpath.code.t
ex"
File: pgfsyssoftpath.code.tex 2013/09/09  (rcs-revision 1.9)
\pgfsyssoftpath@smallbuffer@items=\count299
\pgfsyssoftpath@bigbuffer@items=\count300
)
("C:/Program Files/MiKTeX 2.9/tex/generic/pgf/systemlayer/pgfsysprotocol.code.t
ex"
File: pgfsysprotocol.code.tex 2006/10/16  (rcs-revision 1.4)
)) (C:/Users/Georgio/AppData/Roaming/MiKTeX/2.9/tex/latex/xcolor/xcolor.sty
Package: xcolor 2007/01/21 v2.11 LaTeX color extensions (UK)

("C:/Program Files/MiKTeX 2.9/tex/latex/00miktex/color.cfg"
File: color.cfg 2007/01/18 v1.5 color configuration of teTeX/TeXLive
)
Package xcolor Info: Driver file: pdftex.def on input line 225.
Package xcolor Info: Model `cmy' substituted by `cmy0' on input line 1337.
Package xcolor Info: Model `hsb' substituted by `rgb' on input line 1341.
Package xcolor Info: Model `RGB' extended on input line 1353.
Package xcolor Info: Model `HTML' substituted by `rgb' on input line 1355.
Package xcolor Info: Model `Hsb' substituted by `hsb' on input line 1356.
Package xcolor Info: Model `tHsb' substituted by `hsb' on input line 1357.
Package xcolor Info: Model `HSB' substituted by `hsb' on input line 1358.
Package xcolor Info: Model `Gray' substituted by `gray' on input line 1359.
Package xcolor Info: Model `wave' substituted by `hsb' on input line 1360.
)
("C:/Program Files/MiKTeX 2.9/tex/generic/pgf/basiclayer/pgfcore.code.tex"
Package: pgfcore 2010/04/11 v3.0.0 (rcs-revision 1.7)

("C:/Program Files/MiKTeX 2.9/tex/generic/pgf/math/pgfmath.code.tex"
("C:/Program Files/MiKTeX 2.9/tex/generic/pgf/math/pgfmathcalc.code.tex"
("C:/Program Files/MiKTeX 2.9/tex/generic/pgf/math/pgfmathutil.code.tex")
("C:/Program Files/MiKTeX 2.9/tex/generic/pgf/math/pgfmathparser.code.tex"
\pgfmath@dimen=\dimen284
\pgfmath@count=\count301
\pgfmath@box=\box257
\pgfmath@toks=\toks25
\pgfmath@stack@operand=\toks26
\pgfmath@stack@operation=\toks27
)
("C:/Program Files/MiKTeX 2.9/tex/generic/pgf/math/pgfmathfunctions.code.tex"
("C:/Program Files/MiKTeX 2.9/tex/generic/pgf/math/pgfmathfunctions.basic.code.
tex")
("C:/Program Files/MiKTeX 2.9/tex/generic/pgf/math/pgfmathfunctions.trigonometr
ic.code.tex")
("C:/Program Files/MiKTeX 2.9/tex/generic/pgf/math/pgfmathfunctions.random.code
.tex")
("C:/Program Files/MiKTeX 2.9/tex/generic/pgf/math/pgfmathfunctions.comparison.
code.tex")
("C:/Program Files/MiKTeX 2.9/tex/generic/pgf/math/pgfmathfunctions.base.code.t
ex")
("C:/Program Files/MiKTeX 2.9/tex/generic/pgf/math/pgfmathfunctions.round.code.
tex")
("C:/Program Files/MiKTeX 2.9/tex/generic/pgf/math/pgfmathfunctions.misc.code.t
ex")
("C:/Program Files/MiKTeX 2.9/tex/generic/pgf/math/pgfmathfunctions.integerarit
hmetics.code.tex")))
("C:/Program Files/MiKTeX 2.9/tex/generic/pgf/math/pgfmathfloat.code.tex"
\c@pgfmathroundto@lastzeros=\count302
))
("C:/Program Files/MiKTeX 2.9/tex/generic/pgf/basiclayer/pgfcorepoints.code.tex
"
File: pgfcorepoints.code.tex 2013/10/07  (rcs-revision 1.27)
\pgf@picminx=\dimen285
\pgf@picmaxx=\dimen286
\pgf@picminy=\dimen287
\pgf@picmaxy=\dimen288
\pgf@pathminx=\dimen289
\pgf@pathmaxx=\dimen290
\pgf@pathminy=\dimen291
\pgf@pathmaxy=\dimen292
\pgf@xx=\dimen293
\pgf@xy=\dimen294
\pgf@yx=\dimen295
\pgf@yy=\dimen296
\pgf@zx=\dimen297
\pgf@zy=\dimen298
)
("C:/Program Files/MiKTeX 2.9/tex/generic/pgf/basiclayer/pgfcorepathconstruct.c
ode.tex"
File: pgfcorepathconstruct.code.tex 2013/10/07  (rcs-revision 1.29)
\pgf@path@lastx=\dimen299
\pgf@path@lasty=\dimen300
)
("C:/Program Files/MiKTeX 2.9/tex/generic/pgf/basiclayer/pgfcorepathusage.code.
tex"
File: pgfcorepathusage.code.tex 2013/12/13  (rcs-revision 1.23)
\pgf@shorten@end@additional=\dimen301
\pgf@shorten@start@additional=\dimen302
)
("C:/Program Files/MiKTeX 2.9/tex/generic/pgf/basiclayer/pgfcorescopes.code.tex
"
File: pgfcorescopes.code.tex 2013/10/09  (rcs-revision 1.44)
\pgfpic=\box258
\pgf@hbox=\box259
\pgf@layerbox@main=\box260
\pgf@picture@serial@count=\count303
)
("C:/Program Files/MiKTeX 2.9/tex/generic/pgf/basiclayer/pgfcoregraphicstate.co
de.tex"
File: pgfcoregraphicstate.code.tex 2013/09/19  (rcs-revision 1.11)
\pgflinewidth=\dimen303
)
("C:/Program Files/MiKTeX 2.9/tex/generic/pgf/basiclayer/pgfcoretransformations
.code.tex"
File: pgfcoretransformations.code.tex 2013/10/10  (rcs-revision 1.17)
\pgf@pt@x=\dimen304
\pgf@pt@y=\dimen305
\pgf@pt@temp=\dimen306
)
("C:/Program Files/MiKTeX 2.9/tex/generic/pgf/basiclayer/pgfcorequick.code.tex"
File: pgfcorequick.code.tex 2008/10/09  (rcs-revision 1.3)
)
("C:/Program Files/MiKTeX 2.9/tex/generic/pgf/basiclayer/pgfcoreobjects.code.te
x"
File: pgfcoreobjects.code.tex 2006/10/11  (rcs-revision 1.2)
)
("C:/Program Files/MiKTeX 2.9/tex/generic/pgf/basiclayer/pgfcorepathprocessing.
code.tex"
File: pgfcorepathprocessing.code.tex 2013/09/09  (rcs-revision 1.9)
)
("C:/Program Files/MiKTeX 2.9/tex/generic/pgf/basiclayer/pgfcorearrows.code.tex
"
File: pgfcorearrows.code.tex 2013/11/07  (rcs-revision 1.40)
\pgfarrowsep=\dimen307
)
("C:/Program Files/MiKTeX 2.9/tex/generic/pgf/basiclayer/pgfcoreshade.code.tex"
File: pgfcoreshade.code.tex 2013/07/15  (rcs-revision 1.15)
\pgf@max=\dimen308
\pgf@sys@shading@range@num=\count304
) ("C:/Program Files/MiKTeX 2.9/tex/generic/pgf/basiclayer/pgfcoreimage.code.te
x"
File: pgfcoreimage.code.tex 2013/07/15  (rcs-revision 1.18)

("C:/Program Files/MiKTeX 2.9/tex/generic/pgf/basiclayer/pgfcoreexternal.code.t
ex"
File: pgfcoreexternal.code.tex 2013/07/15  (rcs-revision 1.20)
\pgfexternal@startupbox=\box261
))
("C:/Program Files/MiKTeX 2.9/tex/generic/pgf/basiclayer/pgfcorelayers.code.tex
"
File: pgfcorelayers.code.tex 2013/07/18  (rcs-revision 1.7)
)
("C:/Program Files/MiKTeX 2.9/tex/generic/pgf/basiclayer/pgfcoretransparency.co
de.tex"
File: pgfcoretransparency.code.tex 2013/09/30  (rcs-revision 1.5)
)
("C:/Program Files/MiKTeX 2.9/tex/generic/pgf/basiclayer/pgfcorepatterns.code.t
ex"
File: pgfcorepatterns.code.tex 2013/11/07  (rcs-revision 1.5)
)))
("C:/Program Files/MiKTeX 2.9/tex/generic/pgf/modules/pgfmoduleshapes.code.tex"
File: pgfmoduleshapes.code.tex 2013/10/31  (rcs-revision 1.34)
\pgfnodeparttextbox=\box262
) ("C:/Program Files/MiKTeX 2.9/tex/generic/pgf/modules/pgfmoduleplot.code.tex"
File: pgfmoduleplot.code.tex 2013/07/31  (rcs-revision 1.12)
)
("C:/Program Files/MiKTeX 2.9/tex/latex/pgf/compatibility/pgfcomp-version-0-65.
sty"
Package: pgfcomp-version-0-65 2007/07/03 v3.0.0 (rcs-revision 1.7)
\pgf@nodesepstart=\dimen309
\pgf@nodesepend=\dimen310
)
("C:/Program Files/MiKTeX 2.9/tex/latex/pgf/compatibility/pgfcomp-version-1-18.
sty"
Package: pgfcomp-version-1-18 2007/07/23 v3.0.0 (rcs-revision 1.1)
)) ("C:/Program Files/MiKTeX 2.9/tex/latex/pgf/utilities/pgffor.sty"
("C:/Program Files/MiKTeX 2.9/tex/latex/pgf/utilities/pgfkeys.sty"
("C:/Program Files/MiKTeX 2.9/tex/generic/pgf/utilities/pgfkeys.code.tex"))
("C:/Program Files/MiKTeX 2.9/tex/latex/pgf/math/pgfmath.sty"
("C:/Program Files/MiKTeX 2.9/tex/generic/pgf/math/pgfmath.code.tex"))
("C:/Program Files/MiKTeX 2.9/tex/generic/pgf/utilities/pgffor.code.tex"
Package: pgffor 2013/12/13 v3.0.0 (rcs-revision 1.25)

("C:/Program Files/MiKTeX 2.9/tex/generic/pgf/math/pgfmath.code.tex")
\pgffor@iter=\dimen311
\pgffor@skip=\dimen312
\pgffor@stack=\toks28
\pgffor@toks=\toks29
))
("C:/Program Files/MiKTeX 2.9/tex/generic/pgf/frontendlayer/tikz/tikz.code.tex"
Package: tikz 2013/12/13 v3.0.0 (rcs-revision 1.142)

("C:/Program Files/MiKTeX 2.9/tex/generic/pgf/libraries/pgflibraryplothandlers.
code.tex"
File: pgflibraryplothandlers.code.tex 2013/08/31 v3.0.0 (rcs-revision 1.20)
\pgf@plot@mark@count=\count305
\pgfplotmarksize=\dimen313
)
\tikz@lastx=\dimen314
\tikz@lasty=\dimen315
\tikz@lastxsaved=\dimen316
\tikz@lastysaved=\dimen317
\tikzleveldistance=\dimen318
\tikzsiblingdistance=\dimen319
\tikz@figbox=\box263
\tikz@figbox@bg=\box264
\tikz@tempbox=\box265
\tikz@tempbox@bg=\box266
\tikztreelevel=\count306
\tikznumberofchildren=\count307
\tikznumberofcurrentchild=\count308
\tikz@fig@count=\count309

("C:/Program Files/MiKTeX 2.9/tex/generic/pgf/modules/pgfmodulematrix.code.tex"
File: pgfmodulematrix.code.tex 2013/09/17  (rcs-revision 1.8)
\pgfmatrixcurrentrow=\count310
\pgfmatrixcurrentcolumn=\count311
\pgf@matrix@numberofcolumns=\count312
)
\tikz@expandcount=\count313

("C:/Program Files/MiKTeX 2.9/tex/generic/pgf/frontendlayer/tikz/libraries/tikz
librarytopaths.code.tex"
File: tikzlibrarytopaths.code.tex 2008/06/17 v3.0.0 (rcs-revision 1.2)
)))
("C:/Program Files/MiKTeX 2.9/tex/generic/pgfplots/pgfplots.code.tex"
("C:/Program Files/MiKTeX 2.9/tex/generic/pgfplots/pgfplotscore.code.tex"
\t@pgfplots@toka=\toks30
\t@pgfplots@tokb=\toks31
\t@pgfplots@tokc=\toks32
\pgfplots@tmpa=\dimen320
\c@pgfplots@coordindex=\count314
\c@pgfplots@scanlineindex=\count315

("C:/Program Files/MiKTeX 2.9/tex/generic/pgfplots/sys/pgfplotssysgeneric.code.
tex"))
("C:/Program Files/MiKTeX 2.9/tex/generic/pgfplots/libs/pgfplotslibrary.code.te
x")
("C:/Program Files/MiKTeX 2.9/tex/generic/pgfplots/oldpgfcompatib/pgfplotsoldpg
fsupp_loader.code.tex"
("C:/Program Files/MiKTeX 2.9/tex/generic/pgf/libraries/pgflibraryfpu.code.tex"
)
("C:/Program Files/MiKTeX 2.9/tex/generic/pgfplots/oldpgfcompatib/pgfplotsoldpg
fsupp_trig_format.code.tex"))
("C:/Program Files/MiKTeX 2.9/tex/generic/pgfplots/util/pgfplotsutil.code.tex"
(C:/Program Files/MiKTeX 2.9/tex/generic/pgfplots/lua/pgfplots.lua)
("C:/Program Files/MiKTeX 2.9/tex/generic/pgfplots/liststructure/pgfplotslistst
ructure.code.tex")
("C:/Program Files/MiKTeX 2.9/tex/generic/pgfplots/liststructure/pgfplotslistst
ructureext.code.tex")
("C:/Program Files/MiKTeX 2.9/tex/generic/pgfplots/liststructure/pgfplotsarray.
code.tex"
\c@pgfplotsarray@tmp=\count316
)
("C:/Program Files/MiKTeX 2.9/tex/generic/pgfplots/liststructure/pgfplotsmatrix
.code.tex")
("C:/Program Files/MiKTeX 2.9/tex/generic/pgfplots/numtable/pgfplotstableshared
.code.tex"
\c@pgfplotstable@counta=\count317
\t@pgfplotstable@a=\toks33
)
("C:/Program Files/MiKTeX 2.9/tex/generic/pgfplots/liststructure/pgfplotsdeque.
code.tex")
("C:/Program Files/MiKTeX 2.9/tex/generic/pgfplots/util/pgfplotsbinary.code.tex
"
("C:/Program Files/MiKTeX 2.9/tex/generic/pgfplots/util/pgfplotsbinary.data.cod
e.tex"))
("C:/Program Files/MiKTeX 2.9/tex/generic/pgfplots/util/pgfplotsutil.verb.code.
tex")
("C:/Program Files/MiKTeX 2.9/tex/generic/pgfplots/libs/pgflibrarypgfplots.surf
shading.code.tex"
\c@pgfplotslibrarysurf@no=\count318

("C:/Program Files/MiKTeX 2.9/tex/generic/pgfplots/sys/pgflibrarypgfplots.surfs
hading.pgfsys-pdftex.def")))
("C:/Program Files/MiKTeX 2.9/tex/generic/pgfplots/util/pgfplotscolormap.code.t
ex"
("C:/Program Files/MiKTeX 2.9/tex/generic/pgfplots/util/pgfplotscolor.code.tex"
))
("C:/Program Files/MiKTeX 2.9/tex/generic/pgfplots/pgfplotsstackedplots.code.te
x")
("C:/Program Files/MiKTeX 2.9/tex/generic/pgfplots/pgfplotsplothandlers.code.te
x"
("C:/Program Files/MiKTeX 2.9/tex/generic/pgfplots/pgfplotsmeshplothandler.code
.tex"))
("C:/Program Files/MiKTeX 2.9/tex/generic/pgfplots/pgfplots.scaling.code.tex")
("C:/Program Files/MiKTeX 2.9/tex/generic/pgfplots/pgfplotscoordprocessing.code
.tex")
("C:/Program Files/MiKTeX 2.9/tex/generic/pgfplots/pgfplots.errorbars.code.tex"
) ("C:/Program Files/MiKTeX 2.9/tex/generic/pgfplots/pgfplots.markers.code.tex"
) ("C:/Program Files/MiKTeX 2.9/tex/generic/pgfplots/pgfplotsticks.code.tex")
("C:/Program Files/MiKTeX 2.9/tex/generic/pgfplots/pgfplots.paths.code.tex")
("C:/Program Files/MiKTeX 2.9/tex/generic/pgf/frontendlayer/tikz/libraries/tikz
librarydecorations.code.tex"
("C:/Program Files/MiKTeX 2.9/tex/generic/pgf/modules/pgfmoduledecorations.code
.tex"
\pgfdecoratedcompleteddistance=\dimen321
\pgfdecoratedremainingdistance=\dimen322
\pgfdecoratedinputsegmentcompleteddistance=\dimen323
\pgfdecoratedinputsegmentremainingdistance=\dimen324
\pgf@decorate@distancetomove=\dimen325
\pgf@decorate@repeatstate=\count319
\pgfdecorationsegmentamplitude=\dimen326
\pgfdecorationsegmentlength=\dimen327
)
\tikz@lib@dec@box=\box267
)
("C:/Program Files/MiKTeX 2.9/tex/generic/pgf/frontendlayer/tikz/libraries/tikz
librarydecorations.pathmorphing.code.tex"
("C:/Program Files/MiKTeX 2.9/tex/generic/pgf/libraries/decorations/pgflibraryd
ecorations.pathmorphing.code.tex"))
("C:/Program Files/MiKTeX 2.9/tex/generic/pgf/frontendlayer/tikz/libraries/tikz
librarydecorations.pathreplacing.code.tex"
("C:/Program Files/MiKTeX 2.9/tex/generic/pgf/libraries/decorations/pgflibraryd
ecorations.pathreplacing.code.tex"))
\pgfplots@numplots=\count320
\pgfplots@xmin@reg=\dimen328
\pgfplots@xmax@reg=\dimen329
\pgfplots@ymin@reg=\dimen330
\pgfplots@ymax@reg=\dimen331
\pgfplots@zmin@reg=\dimen332
\pgfplots@zmax@reg=\dimen333
)
("C:/Program Files/MiKTeX 2.9/tex/generic/pgf/frontendlayer/tikz/libraries/tikz
libraryplotmarks.code.tex"
File: tikzlibraryplotmarks.code.tex 2008/01/09 v3.0.0 (rcs-revision 1.1)

("C:/Program Files/MiKTeX 2.9/tex/generic/pgf/libraries/pgflibraryplotmarks.cod
e.tex"
File: pgflibraryplotmarks.code.tex 2013/07/20 v3.0.0 (rcs-revision 1.13)
))) ("C:/Program Files/MiKTeX 2.9/tex/latex/pgfplots/pgfplotstable.sty"
("C:/Program Files/MiKTeX 2.9/tex/generic/pgfplots/pgfplots.revision.tex")
Package: pgfplotstable 2014/08/04 v1.11 Table typesetting and Pretty-printing (1
.11-3-g4c99d7a)

("C:/Program Files/MiKTeX 2.9/tex/generic/pgfplots/numtable/pgfplotstable.code.
tex"
("C:/Program Files/MiKTeX 2.9/tex/generic/pgfplots/numtable/pgfplotstable.colty
pe.code.tex")) ("C:/Program Files/MiKTeX 2.9/tex/latex/tools/array.sty"
Package: array 2008/09/09 v2.4c Tabular extension package (FMi)
\col@sep=\dimen334
\extrarowheight=\dimen335
\NC@list=\toks34
\extratabsurround=\skip256
\backup@length=\skip257
))
(C:/Users/Georgio/AppData/Roaming/MiKTeX/2.9/tex/lualatex/luacode/luacode.sty
Package: luacode 2012/01/23 v1.2a lua-in-tex helpers (mpg)
\luacode@lines=\toks35
\luacode@table@soft=\luatexcatcodetable13
)
("C:/Program Files/MiKTeX 2.9/tex/latex/amsmath/amsmath.sty"
Package: amsmath 2013/01/14 v2.14 AMS math features
\@mathmargin=\skip258

For additional information on amsmath, use the `?' option.
("C:/Program Files/MiKTeX 2.9/tex/latex/amsmath/amstext.sty"
Package: amstext 2000/06/29 v2.01

("C:/Program Files/MiKTeX 2.9/tex/latex/amsmath/amsgen.sty"
File: amsgen.sty 1999/11/30 v2.0
\@emptytoks=\toks36
\ex@=\dimen336
))
("C:/Program Files/MiKTeX 2.9/tex/latex/amsmath/amsbsy.sty"
Package: amsbsy 1999/11/29 v1.2d
\pmbraise@=\dimen337
)
("C:/Program Files/MiKTeX 2.9/tex/latex/amsmath/amsopn.sty"
Package: amsopn 1999/12/14 v2.01 operator names
)
\inf@bad=\count321
LaTeX Info: Redefining \frac on input line 210.
\uproot@=\count322
\leftroot@=\count323
LaTeX Info: Redefining \overline on input line 306.
\classnum@=\count324
\DOTSCASE@=\count325
LaTeX Info: Redefining \ldots on input line 378.
LaTeX Info: Redefining \dots on input line 381.
LaTeX Info: Redefining \cdots on input line 466.
\Mathstrutbox@=\box268
\strutbox@=\box269
\big@size=\dimen338
LaTeX Font Info:    Redeclaring font encoding OML on input line 566.
LaTeX Font Info:    Redeclaring font encoding OMS on input line 567.
\macc@depth=\count326
\c@MaxMatrixCols=\count327
\dotsspace@=\muskip16
\c@parentequation=\count328
\dspbrk@lvl=\count329
\tag@help=\toks37
\row@=\count330
\column@=\count331
\maxfields@=\count332
\andhelp@=\toks38
\eqnshift@=\dimen339
\alignsep@=\dimen340
\tagshift@=\dimen341
\tagwidth@=\dimen342
\totwidth@=\dimen343
\lineht@=\dimen344
\@envbody=\toks39
\multlinegap=\skip259
\multlinetaggap=\skip260
\mathdisplay@stack=\toks40
LaTeX Info: Redefining \[ on input line 2665.
LaTeX Info: Redefining \] on input line 2666.
)
(C:/Users/Georgio/Documents/github/modexample/bullet-graph.aux)
LaTeX Font Info:    Checking defaults for OML/cmm/m/it on input line 51.
LaTeX Font Info:    ... okay on input line 51.
LaTeX Font Info:    Checking defaults for T1/cmr/m/n on input line 51.
LaTeX Font Info:    ... okay on input line 51.
LaTeX Font Info:    Checking defaults for OT1/cmr/m/n on input line 51.
LaTeX Font Info:    ... okay on input line 51.
LaTeX Font Info:    Checking defaults for OMS/cmsy/m/n on input line 51.
LaTeX Font Info:    ... okay on input line 51.
LaTeX Font Info:    Checking defaults for OMX/cmex/m/n on input line 51.
LaTeX Font Info:    ... okay on input line 51.
LaTeX Font Info:    Checking defaults for U/cmr/m/n on input line 51.
LaTeX Font Info:    ... okay on input line 51.
LaTeX Font Info:    Checking defaults for EU2/lmr/m/n on input line 51.
LaTeX Font Info:    ... okay on input line 51.
LaTeX Font Info:    Checking defaults for T3/cmr/m/n on input line 51.
LaTeX Font Info:    Try loading font information for T3+cmr on input line 51.

(C:/Users/Georgio/AppData/Roaming/MiKTeX/2.9/tex/latex/tipa/t3cmr.fd
File: t3cmr.fd 2001/12/31 TIPA font definitions
)
LaTeX Font Info:    ... okay on input line 51.

("C:/Program Files/MiKTeX 2.9/tex/context/base/supp-pdf.mkii"
[Loading MPS to PDF converter (version 2006.09.02).]
\scratchcounter=\count333
\scratchdimen=\dimen345
\scratchbox=\box270
\nofMPsegments=\count334
\nofMParguments=\count335
\everyMPshowfont=\toks41
\MPscratchCnt=\count336
\MPscratchDim=\dimen346
\MPnumerator=\count337
\makeMPintoPDFobject=\count338
\everyMPtoPDFconversion=\toks42
)
.................................................
. fontspec info: "setup-math"
. 
. Adjusting the maths setup (use [no-math] to avoid this).
.................................................
\symlegacymaths=\mathgroup4
LaTeX Font Info:    Overwriting symbol font `legacymaths' in version `bold'
(Font)                  OT1/cmr/m/n --> OT1/cmr/bx/n on input line 51.
LaTeX Font Info:    Redeclaring math accent \acute on input line 51.
LaTeX Font Info:    Redeclaring math accent \grave on input line 51.
LaTeX Font Info:    Redeclaring math accent \ddot on input line 51.
LaTeX Font Info:    Redeclaring math accent \tilde on input line 51.
LaTeX Font Info:    Redeclaring math accent \bar on input line 51.
LaTeX Font Info:    Redeclaring math accent \breve on input line 51.
LaTeX Font Info:    Redeclaring math accent \check on input line 51.
LaTeX Font Info:    Redeclaring math accent \hat on input line 51.
LaTeX Font Info:    Redeclaring math accent \dot on input line 51.
LaTeX Font Info:    Redeclaring math accent \mathring on input line 51.
LaTeX Font Info:    Redeclaring math symbol \Gamma on input line 51.
LaTeX Font Info:    Redeclaring math symbol \Delta on input line 51.
LaTeX Font Info:    Redeclaring math symbol \Theta on input line 51.
LaTeX Font Info:    Redeclaring math symbol \Lambda on input line 51.
LaTeX Font Info:    Redeclaring math symbol \Xi on input line 51.
LaTeX Font Info:    Redeclaring math symbol \Pi on input line 51.
LaTeX Font Info:    Redeclaring math symbol \Sigma on input line 51.
LaTeX Font Info:    Redeclaring math symbol \Upsilon on input line 51.
LaTeX Font Info:    Redeclaring math symbol \Phi on input line 51.
LaTeX Font Info:    Redeclaring math symbol \Psi on input line 51.
LaTeX Font Info:    Redeclaring math symbol \Omega on input line 51.
LaTeX Font Info:    Redeclaring math symbol \mathdollar on input line 51.
LaTeX Font Info:    Redeclaring symbol font `operators' on input line 51.
LaTeX Font Info:    Encoding `OT1' has changed to `EU2' for symbol font
(Font)              `operators' in the math version `normal' on input line 51.
LaTeX Font Info:    Overwriting symbol font `operators' in version `normal'
(Font)                  OT1/cmr/m/n --> EU2/lmr/m/n on input line 51.
LaTeX Font Info:    Encoding `OT1' has changed to `EU2' for symbol font
(Font)              `operators' in the math version `bold' on input line 51.
LaTeX Font Info:    Overwriting symbol font `operators' in version `bold'
(Font)                  OT1/cmr/bx/n --> EU2/lmr/m/n on input line 51.
LaTeX Font Info:    Overwriting symbol font `operators' in version `normal'
(Font)                  EU2/lmr/m/n --> EU2/lmr/m/n on input line 51.
LaTeX Font Info:    Overwriting math alphabet `\mathit' in version `normal'
(Font)                  OT1/cmr/m/it --> EU2/lmr/m/it on input line 51.
LaTeX Font Info:    Overwriting math alphabet `\mathbf' in version `normal'
(Font)                  OT1/cmr/bx/n --> EU2/lmr/bx/n on input line 51.
LaTeX Font Info:    Overwriting math alphabet `\mathsf' in version `normal'
(Font)                  OT1/cmss/m/n --> EU2/lmss/m/n on input line 51.
LaTeX Font Info:    Overwriting math alphabet `\mathtt' in version `normal'
(Font)                  OT1/cmtt/m/n --> EU2/lmtt/m/n on input line 51.
LaTeX Font Info:    Overwriting symbol font `operators' in version `bold'
(Font)                  EU2/lmr/m/n --> EU2/lmr/bx/n on input line 51.
LaTeX Font Info:    Overwriting math alphabet `\mathit' in version `bold'
(Font)                  OT1/cmr/bx/it --> EU2/lmr/bx/it on input line 51.
LaTeX Font Info:    Overwriting math alphabet `\mathsf' in version `bold'
(Font)                  OT1/cmss/bx/n --> EU2/lmss/bx/n on input line 51.
LaTeX Font Info:    Overwriting math alphabet `\mathtt' in version `bold'
(Font)                  OT1/cmtt/m/n --> EU2/lmtt/bx/n on input line 51.
 ABD: EveryShipout initializing macros
Package pgfplots notification 'compat/show suggested version=true': document has
 been generated with the most recent feature set (\pgfplotsset{compat=1.11}).

(load luc: C:/Users/Georgio/AppData/Local/MiKTeX/2.9/luatex-cache/generic/fonts/
otf/lmroman12-regular.luc)(load luc: C:/Users/Georgio/AppData/Local/MiKTeX/2.9/l
uatex-cache/generic/fonts/otf/lmroman12-bold.luc)
(C:/Users/Georgio/Documents/github/modexample/graphs/bulletgraph.lua)

Package pgfplots Warning: Axis range for axis y is approximately empty; enlargin
g it (it is [0.0:0.0]) on input line 8.

 [warning /pgfplots/warning/approx empty range enlarged]
luaotfload | load : Lookup/name: "Arial" -> "arial.ttf"(load luc: C:/Users/Georg
io/AppData/Local/MiKTeX/2.9/luatex-cache/generic/fonts/otf/lmroman7-regular.luc)
(load luc: C:/Users/Georgio/AppData/Local/MiKTeX/2.9/luatex-cache/generic/fonts/
otf/lmroman5-regular.luc)
luaotfload | load : Lookup/name: "Arial" -> "arialbd.ttf"

LaTeX Warning: Overwriting file `./readme.md'.


[1

{C:/Users/Georgio/AppData/Local/MiKTeX/2.9/pdftex/config/pdftex.map}]
(C:/Users/Georgio/Documents/github/modexample/bullet-graph.aux) )

Here is how much of LuaTeX's memory you used:
 34935 strings out of 494074
 100000,1144653 words of node,token memory allocated
 374 words of node memory still in use:
    nodes
   avail lists: 2:957,3:219,4:300,5:1,6:81,7:2,9:89,10:5
 37616 multiletter control sequences out of 65536+200000
 41 fonts using 5305919 bytes
 62i,9n,83p,732b,1842s stack positions out of 5000i,500n,10000p,200000b,50000s
<c:/program files/miktex 2.9/fonts/opentype/public/lm/lmroman10-regular.otf><C:/
Windows/Fonts/arial.ttf><C:/Windows/Fonts/arialbd.ttf><c:/program files/miktex 2
.9/fonts/opentype/public/lm/lmroman12-bold.otf><C:/Program Files/MiKTeX 2.9/font
s/type1/public/amsfonts/cm/cmr10.pfb>
Output written on bullet-graph.pdf (1 page, 44156 bytes).

PDF statistics: 41 PDF objects out of 1000 (max. 8388607)
 0 named destinations out of 1000 (max. 131072)
 16 words of extra memory for PDF output out of 10000 (max. 10000000)

